<?xml version="1.0" encoding="UTF-8"?>
<testsuite xmlns:xsi="http://www.w3.org/2001/XMLSchema-instance" xsi:noNamespaceSchemaLocation="https://maven.apache.org/surefire/maven-surefire-plugin/xsd/surefire-test-report.xsd" name="net.lonewolfcode.opensource.springutilities.datamagic.TestDataMagic" time="0.071" tests="34" errors="0" skipped="0" failures="0">
  <properties>
    <property name="sun.desktop" value="windows"/>
    <property name="awt.toolkit" value="sun.awt.windows.WToolkit"/>
    <property name="java.specification.version" value="11"/>
    <property name="sun.cpu.isalist" value="amd64"/>
    <property name="sun.jnu.encoding" value="Cp1252"/>
    <property name="java.class.path" value="C:\Users\Cryos\java workspaces\workspace_java\DataMagic\target\test-classes;C:\Users\Cryos\java workspaces\workspace_java\DataMagic\target\classes;C:\Users\Cryos\.m2\repository\junit\junit\4.13\junit-4.13.jar;C:\Users\Cryos\.m2\repository\org\hamcrest\hamcrest-core\2.1\hamcrest-core-2.1.jar;C:\Users\Cryos\.m2\repository\org\hamcrest\hamcrest\2.1\hamcrest-2.1.jar;"/>
    <property name="java.vm.vendor" value="JetBrains s.r.o"/>
    <property name="sun.arch.data.model" value="64"/>
    <property name="user.variant" value=""/>
    <property name="java.vendor.url" value="https://www.jetbrains.com/"/>
    <property name="user.timezone" value="America/New_York"/>
    <property name="java.vm.specification.version" value="11"/>
    <property name="os.name" value="Windows 10"/>
    <property name="sun.java.launcher" value="SUN_STANDARD"/>
    <property name="user.country" value="US"/>
    <property name="sun.boot.library.path" value="C:\Program Files\JetBrains\IntelliJ IDEA Community Edition 2019.3.2\jbr\bin"/>
    <property name="sun.java.command" value="C:\Users\Cryos\AppData\Local\Temp\surefire1883964464856359048\surefirebooter11278521010884723905.jar C:\Users\Cryos\AppData\Local\Temp\surefire1883964464856359048 2020-05-01T14-41-29_530-jvmRun1 surefire17027566163259887931tmp surefire_013385531045894417001tmp"/>
    <property name="jdk.debug" value="release"/>
    <property name="surefire.test.class.path" value="C:\Users\Cryos\java workspaces\workspace_java\DataMagic\target\test-classes;C:\Users\Cryos\java workspaces\workspace_java\DataMagic\target\classes;C:\Users\Cryos\.m2\repository\junit\junit\4.13\junit-4.13.jar;C:\Users\Cryos\.m2\repository\org\hamcrest\hamcrest-core\2.1\hamcrest-core-2.1.jar;C:\Users\Cryos\.m2\repository\org\hamcrest\hamcrest\2.1\hamcrest-2.1.jar;"/>
    <property name="sun.cpu.endian" value="little"/>
    <property name="user.home" value="C:\Users\Cryos"/>
    <property name="user.language" value="en"/>
    <property name="java.specification.vendor" value="Oracle Corporation"/>
    <property name="java.version.date" value="2019-10-15"/>
    <property name="java.home" value="C:\Program Files\JetBrains\IntelliJ IDEA Community Edition 2019.3.2\jbr"/>
    <property name="file.separator" value="\"/>
    <property name="basedir" value="C:\Users\Cryos\java workspaces\workspace_java\DataMagic"/>
    <property name="java.vm.compressedOopsMode" value="Zero based"/>
    <property name="line.separator" value="&#10;"/>
    <property name="java.specification.name" value="Java Platform API Specification"/>
    <property name="java.vm.specification.vendor" value="Oracle Corporation"/>
    <property name="java.awt.graphicsenv" value="sun.awt.Win32GraphicsEnvironment"/>
    <property name="surefire.real.class.path" value="C:\Users\Cryos\AppData\Local\Temp\surefire1883964464856359048\surefirebooter11278521010884723905.jar"/>
    <property name="user.script" value=""/>
    <property name="sun.management.compiler" value="HotSpot 64-Bit Tiered Compilers"/>
    <property name="java.runtime.version" value="11.0.5+10-b520.30"/>
    <property name="user.name" value="Cryos"/>
    <property name="path.separator" value=";"/>
    <property name="os.version" value="10.0"/>
    <property name="java.runtime.name" value="OpenJDK Runtime Environment"/>
    <property name="file.encoding" value="Cp1252"/>
    <property name="java.vm.name" value="OpenJDK 64-Bit Server VM"/>
    <property name="localRepository" value="C:\Users\Cryos\.m2\repository"/>
    <property name="java.vendor.url.bug" value="https://youtrack.jetbrains.com"/>
    <property name="java.io.tmpdir" value="C:\Users\Cryos\AppData\Local\Temp\"/>
    <property name="java.version" value="11.0.5"/>
    <property name="user.dir" value="C:\Users\Cryos\java workspaces\workspace_java\DataMagic"/>
    <property name="os.arch" value="amd64"/>
    <property name="java.vm.specification.name" value="Java Virtual Machine Specification"/>
    <property name="java.awt.printerjob" value="sun.awt.windows.WPrinterJob"/>
    <property name="sun.os.patch.level" value=""/>
    <property name="java.library.path" value="C:\Program Files\JetBrains\IntelliJ IDEA Community Edition 2019.3.2\jbr\bin;C:\WINDOWS\Sun\Java\bin;C:\WINDOWS\system32;C:\WINDOWS;C:\Program Files (x86)\Common Files\Oracle\Java\javapath;C:\Program Files (x86)\Razer Chroma SDK\bin;C:\Program Files\Razer Chroma SDK\bin;C:\Program Files\Oculus\Support\oculus-runtime;C:\Program Files (x86)\Razer\ChromaBroadcast\bin;C:\Program Files\Razer\ChromaBroadcast\bin;C:\WINDOWS\system32;C:\WINDOWS;C:\WINDOWS\System32\Wbem;C:\WINDOWS\System32\WindowsPowerShell\v1.0\;C:\WINDOWS\System32\OpenSSH\;C:\Program Files\dotnet\;C:\Users\Cryos\AppData\Local\Microsoft\WindowsApps;C:\Users\Cryos\.dotnet\tools;C:\Program Files\Git\cmd;C:\Users\Cryos\openJDK\jdk-14\bin;C:\Program Files (x86)\Gpg4win\..\GnuPG\bin;C:\Users\Cryos\AppData\Local\Microsoft\WindowsApps;;."/>
    <property name="idea.version2019.3.2" value="true"/>
    <property name="java.vendor" value="JetBrains s.r.o"/>
    <property name="java.vm.info" value="mixed mode, sharing"/>
    <property name="java.vm.version" value="11.0.5+10-b520.30"/>
    <property name="sun.io.unicode.encoding" value="UnicodeLittle"/>
    <property name="java.class.version" value="55.0"/>
  </properties>
  <testcase name="testCreateDefaultList" classname="net.lonewolfcode.opensource.springutilities.datamagic.TestDataMagic" time="0.011"/>
  <testcase name="testCreateDefaultObjectSetsPrivateString" classname="net.lonewolfcode.opensource.springutilities.datamagic.TestDataMagic" time="0"/>
  <testcase name="testCreateDefaultObjectSetsLongList" classname="net.lonewolfcode.opensource.springutilities.datamagic.TestDataMagic" time="0.001"/>
  <testcase name="testCreateDefaultObjectSetsLongWrapper" classname="net.lonewolfcode.opensource.springutilities.datamagic.TestDataMagic" time="0"/>
  <testcase name="testCreateDefaultObjectSetsByteList" classname="net.lonewolfcode.opensource.springutilities.datamagic.TestDataMagic" time="0.001"/>
  <testcase name="testCreateDefaultObjectSetsCharWrapper" classname="net.lonewolfcode.opensource.springutilities.datamagic.TestDataMagic" time="0.001"/>
  <testcase name="testCreateDefaultObjectSetsDoubleList" classname="net.lonewolfcode.opensource.springutilities.datamagic.TestDataMagic" time="0.001"/>
  <testcase name="testCreateDefaultObjectSetsBoolean" classname="net.lonewolfcode.opensource.springutilities.datamagic.TestDataMagic" time="0"/>
  <testcase name="testCreateDefaultObjectSetsShortWrapper" classname="net.lonewolfcode.opensource.springutilities.datamagic.TestDataMagic" time="0.001"/>
  <testcase name="testCreateDefaultObjectSetsBooleanWrapper" classname="net.lonewolfcode.opensource.springutilities.datamagic.TestDataMagic" time="0"/>
  <testcase name="testCreateDefaultObjectSetsDoubleWrapper" classname="net.lonewolfcode.opensource.springutilities.datamagic.TestDataMagic" time="0.001"/>
  <testcase name="testCreateDefaultObjectSetsIntegerList" classname="net.lonewolfcode.opensource.springutilities.datamagic.TestDataMagic" time="0"/>
  <testcase name="testCreateDefaultObjectSetsFloatWrapper" classname="net.lonewolfcode.opensource.springutilities.datamagic.TestDataMagic" time="0"/>
  <testcase name="testCreateDefaultObjectSetsFloat" classname="net.lonewolfcode.opensource.springutilities.datamagic.TestDataMagic" time="0.001"/>
  <testcase name="testCreateDefaultObjectSetsShort" classname="net.lonewolfcode.opensource.springutilities.datamagic.TestDataMagic" time="0"/>
  <testcase name="testCreateDefaultObjectSetsIntegerWrapper" classname="net.lonewolfcode.opensource.springutilities.datamagic.TestDataMagic" time="0.001"/>
  <testcase name="testCreateDefaultObjectSetsFloatList" classname="net.lonewolfcode.opensource.springutilities.datamagic.TestDataMagic" time="0"/>
  <testcase name="testCreateDefaultObjectSetsShortList" classname="net.lonewolfcode.opensource.springutilities.datamagic.TestDataMagic" time="0.001"/>
  <testcase name="testCreateDefaultObjectSetsCharacterList" classname="net.lonewolfcode.opensource.springutilities.datamagic.TestDataMagic" time="0"/>
  <testcase name="testCreateDefaultObjectSetsByteWrapper" classname="net.lonewolfcode.opensource.springutilities.datamagic.TestDataMagic" time="0"/>
  <testcase name="testGetAnnotatedMethods" classname="net.lonewolfcode.opensource.springutilities.datamagic.TestDataMagic" time="0.002"/>
  <testcase name="testCreateDefaultObjectSetsCustomObject" classname="net.lonewolfcode.opensource.springutilities.datamagic.TestDataMagic" time="0"/>
  <testcase name="testCreateDefaultObjectSetsStringList" classname="net.lonewolfcode.opensource.springutilities.datamagic.TestDataMagic" time="0"/>
  <testcase name="testCreateDefaultListWithImportantFlagAndMultipleItems" classname="net.lonewolfcode.opensource.springutilities.datamagic.TestDataMagic" time="0.002"/>
  <testcase name="testCreateDefaultObjectSetsInteger" classname="net.lonewolfcode.opensource.springutilities.datamagic.TestDataMagic" time="0.001"/>
  <testcase name="testCreateDefaultObjectSetsBooleanList" classname="net.lonewolfcode.opensource.springutilities.datamagic.TestDataMagic" time="0"/>
  <testcase name="testCreateDefaultObjectSetsOnlyImportantFields" classname="net.lonewolfcode.opensource.springutilities.datamagic.TestDataMagic" time="0"/>
  <testcase name="testCreateDefaultObjectSetsCustomObjectList" classname="net.lonewolfcode.opensource.springutilities.datamagic.TestDataMagic" time="0.001"/>
  <testcase name="testCreateDefaultObjectSetsDouble" classname="net.lonewolfcode.opensource.springutilities.datamagic.TestDataMagic" time="0"/>
  <testcase name="testCreateDefaultListWithImportantTag" classname="net.lonewolfcode.opensource.springutilities.datamagic.TestDataMagic" time="0"/>
  <testcase name="testCreateDefaultObjectSetsByte" classname="net.lonewolfcode.opensource.springutilities.datamagic.TestDataMagic" time="0"/>
  <testcase name="testCreateDefaultObjectSetsChar" classname="net.lonewolfcode.opensource.springutilities.datamagic.TestDataMagic" time="0.001"/>
  <testcase name="testCreateDefaultObjectSetsLong" classname="net.lonewolfcode.opensource.springutilities.datamagic.TestDataMagic" time="0"/>
  <testcase name="testCreateDefaultListWithMultipleItems" classname="net.lonewolfcode.opensource.springutilities.datamagic.TestDataMagic" time="0.003"/>
</testsuite>